INFO:     Will watch for changes in these directories: ['C:\\Users\\bhavv\\OneDrive\\Desktop\\RAD\\HackVision_KisaanMitra']
INFO:     Uvicorn running on http://127.0.0.1:8000 (Press CTRL+C to quit)
INFO:     Started reloader process [8412] using WatchFiles
2026-01-23 05:17:36.942229: I tensorflow/core/util/port.cc:153] oneDNN custom operations are on. You may see slightly different numerical results due to floating-point round-off errors from different computation orders. To turn them off, set the environment variable `TF_ENABLE_ONEDNN_OPTS=0`.
2026-01-23 05:17:39.372587: I tensorflow/core/util/port.cc:153] oneDNN custom operations are on. You may see slightly different numerical results due to floating-point round-off errors from different computation orders. To turn them off, set the environment variable `TF_ENABLE_ONEDNN_OPTS=0`.
INFO:     Started server process [16556]
INFO:     Waiting for application startup.
INFO:     Application startup complete.
INFO:Backend.database.connection:Connected to MongoDB.
INFO:     127.0.0.1:51011 - "GET /api/v1/dashboard/stats HTTP/1.1" 200 OK
INFO:     127.0.0.1:51015 - "GET /api/v1/dashboard/stats HTTP/1.1" 200 OK
INFO:     127.0.0.1:51016 - "GET /api/v1/dashboard/finance HTTP/1.1" 200 OK
INFO:     127.0.0.1:51017 - "GET /api/v1/dashboard/finance HTTP/1.1" 200 OK
INFO:     127.0.0.1:56531 - "GET /api/v1/dashboard/timeline HTTP/1.1" 200 OK
INFO:     127.0.0.1:56531 - "GET /api/v1/dashboard/timeline HTTP/1.1" 200 OK
INFO:     127.0.0.1:64230 - "GET /api/v1/dashboard/stats HTTP/1.1" 200 OK
INFO:     127.0.0.1:64231 - "GET /api/v1/dashboard/stats HTTP/1.1" 200 OK
INFO:     127.0.0.1:64232 - "GET /api/v1/dashboard/finance HTTP/1.1" 200 OK
INFO:     127.0.0.1:64233 - "GET /api/v1/dashboard/stats HTTP/1.1" 200 OK
INFO:     127.0.0.1:64234 - "GET /api/v1/dashboard/finance HTTP/1.1" 200 OK
INFO:     127.0.0.1:64235 - "GET /api/v1/dashboard/stats HTTP/1.1" 200 OK
INFO:     127.0.0.1:53680 - "GET /api/v1/dashboard/finance HTTP/1.1" 200 OK
INFO:     127.0.0.1:54066 - "GET /api/v1/dashboard/finance HTTP/1.1" 200 OK
INFO:     127.0.0.1:64042 - "GET /api/v1/dashboard/timeline HTTP/1.1" 200 OK
INFO:     127.0.0.1:64042 - "GET /api/v1/dashboard/timeline HTTP/1.1" 200 OK
INFO:     127.0.0.1:64042 - "GET /api/v1/dashboard/timeline HTTP/1.1" 200 OK
INFO:     127.0.0.1:64042 - "GET /api/v1/dashboard/timeline HTTP/1.1" 200 OK
INFO:     127.0.0.1:65039 - "GET /api/v1/dashboard/stats HTTP/1.1" 200 OK
INFO:     127.0.0.1:65040 - "GET /api/v1/dashboard/stats HTTP/1.1" 200 OK
INFO:     127.0.0.1:65041 - "GET /api/v1/dashboard/finance HTTP/1.1" 200 OK
INFO:     127.0.0.1:65042 - "GET /api/v1/dashboard/finance HTTP/1.1" 200 OK
INFO:     127.0.0.1:65043 - "GET /api/v1/dashboard/timeline HTTP/1.1" 200 OK
INFO:     127.0.0.1:65044 - "GET /api/v1/dashboard/timeline HTTP/1.1" 200 OK
INFO:     127.0.0.1:51226 - "GET / HTTP/1.1" 200 OK
INFO:     127.0.0.1:63178 - "GET /api/v1/dashboard/stats HTTP/1.1" 200 OK
INFO:     127.0.0.1:63179 - "GET /api/v1/dashboard/stats HTTP/1.1" 200 OK
INFO:     127.0.0.1:63180 - "GET /api/v1/dashboard/finance HTTP/1.1" 200 OK
INFO:     127.0.0.1:63181 - "GET /api/v1/dashboard/finance HTTP/1.1" 200 OK
INFO:     127.0.0.1:63182 - "GET /api/v1/dashboard/timeline HTTP/1.1" 200 OK
INFO:     127.0.0.1:63183 - "GET /api/v1/dashboard/timeline HTTP/1.1" 200 OK
INFO:     127.0.0.1:64621 - "GET /api/v1/dashboard/stats HTTP/1.1" 200 OK
INFO:     127.0.0.1:64622 - "GET /api/v1/dashboard/stats HTTP/1.1" 200 OK
INFO:     127.0.0.1:64623 - "GET /api/v1/dashboard/finance HTTP/1.1" 200 OK
INFO:     127.0.0.1:64624 - "GET /api/v1/dashboard/finance HTTP/1.1" 200 OK
INFO:     127.0.0.1:60392 - "GET /api/v1/dashboard/stats HTTP/1.1" 200 OK
INFO:     127.0.0.1:60393 - "GET /api/v1/dashboard/stats HTTP/1.1" 200 OK
INFO:     127.0.0.1:60394 - "GET /api/v1/dashboard/finance HTTP/1.1" 200 OK
INFO:     127.0.0.1:60395 - "GET /api/v1/dashboard/finance HTTP/1.1" 200 OK
INFO:     127.0.0.1:60396 - "GET /api/v1/dashboard/timeline HTTP/1.1" 200 OK
INFO:     127.0.0.1:60397 - "GET /api/v1/dashboard/timeline HTTP/1.1" 200 OK
INFO:     127.0.0.1:52777 - "GET /api/v1/dashboard/stats HTTP/1.1" 200 OK
INFO:     127.0.0.1:52778 - "GET /api/v1/dashboard/stats HTTP/1.1" 200 OK
INFO:     127.0.0.1:52779 - "GET /api/v1/dashboard/finance HTTP/1.1" 200 OK
INFO:     127.0.0.1:52780 - "GET /api/v1/dashboard/finance HTTP/1.1" 200 OK
INFO:     127.0.0.1:52781 - "GET /api/v1/dashboard/timeline HTTP/1.1" 200 OK
INFO:     127.0.0.1:54371 - "GET /api/v1/dashboard/timeline HTTP/1.1" 200 OK
INFO:     127.0.0.1:60987 - "GET /api/v1/dashboard/stats HTTP/1.1" 200 OK
INFO:     127.0.0.1:60988 - "GET /api/v1/dashboard/stats HTTP/1.1" 200 OK
INFO:     127.0.0.1:60989 - "GET /api/v1/dashboard/finance HTTP/1.1" 200 OK
INFO:     127.0.0.1:60990 - "GET /api/v1/dashboard/finance HTTP/1.1" 200 OK
INFO:     127.0.0.1:60991 - "GET /api/v1/dashboard/timeline HTTP/1.1" 200 OK
INFO:     127.0.0.1:60992 - "GET /api/v1/dashboard/timeline HTTP/1.1" 200 OK
INFO:     127.0.0.1:52190 - "GET /api/v1/dashboard/stats HTTP/1.1" 200 OK
INFO:     127.0.0.1:52191 - "GET /api/v1/dashboard/stats HTTP/1.1" 200 OK
INFO:     127.0.0.1:52192 - "GET /api/v1/dashboard/finance HTTP/1.1" 200 OK
INFO:     127.0.0.1:52193 - "GET /api/v1/dashboard/finance HTTP/1.1" 200 OK
INFO:     127.0.0.1:52194 - "GET /api/v1/dashboard/timeline HTTP/1.1" 200 OK
INFO:     127.0.0.1:52195 - "GET /api/v1/dashboard/timeline HTTP/1.1" 200 OK
INFO:     127.0.0.1:64066 - "GET /api/v1/dashboard/stats HTTP/1.1" 200 OK
INFO:     127.0.0.1:64067 - "GET /api/v1/dashboard/stats HTTP/1.1" 200 OK
INFO:     127.0.0.1:51701 - "GET /api/v1/dashboard/finance HTTP/1.1" 200 OK
INFO:     127.0.0.1:51702 - "GET /api/v1/dashboard/finance HTTP/1.1" 200 OK
INFO:     127.0.0.1:55334 - "GET /api/v1/dashboard/timeline HTTP/1.1" 200 OK
INFO:     127.0.0.1:54618 - "GET /api/v1/dashboard/timeline HTTP/1.1" 200 OK
WARNING:  WatchFiles detected changes in 'Backend\test_vision_engine.py', 'Backend\convert_model.py', 'Backend\debug_model.py', 'Backend\Farm_management\Farming_stage\engines\vision_engine.py', 'Backend\test_features_simple.py', 'Backend\Voice_agent\config.py', 'Backend\api\routers\voice_agent.py', 'Backend\Farm_management\Post_Harvest_stage\core\context.py', 'Backend\Voice_agent\input_processing\speech_to_text.py', 'Backend\api\routers\farm_management.py', 'Backend\test_all_features.py'. Reloading...
 INFO:     Shutting down
INFO:     Waiting for application shutdown.
INFO:     Application shutdown complete.
INFO:     Finished server process [16556]
2026-01-23 05:58:04.596106: I tensorflow/core/util/port.cc:153] oneDNN custom operations are on. You may see slightly different numerical results due to floating-point round-off errors from different computation orders. To turn them off, set the environment variable `TF_ENABLE_ONEDNN_OPTS=0`.
2026-01-23 05:58:07.107919: I tensorflow/core/util/port.cc:153] oneDNN custom operations are on. You may see slightly different numerical results due to floating-point round-off errors from different computation orders. To turn them off, set the environment variable `TF_ENABLE_ONEDNN_OPTS=0`.
INFO:     Started server process [27072]
INFO:     Waiting for application startup.
INFO:     Application startup complete.
WARNING:  WatchFiles detected changes in 'Backend\api\routers\farm_management.py'. Reloading...
 INFO:     Shutting down
INFO:     Waiting for application shutdown.
INFO:     Application shutdown complete.
INFO:     Finished server process [27072]
WARNING:  WatchFiles detected changes in 'Backend\Farm_management\Planning_stage\service.py'. Reloading...
 2026-01-23 06:03:06.028948: I tensorflow/core/util/port.cc:153] oneDNN custom operations are on. You may see slightly different numerical results due to floating-point round-off errors from different computation orders. To turn them off, set the environment variable `TF_ENABLE_ONEDNN_OPTS=0`.
2026-01-23 06:03:08.564892: I tensorflow/core/util/port.cc:153] oneDNN custom operations are on. You may see slightly different numerical results due to floating-point round-off errors from different computation orders. To turn them off, set the environment variable `TF_ENABLE_ONEDNN_OPTS=0`.
INFO:     Started server process [26104]
INFO:     Waiting for application startup.
INFO:     Application startup complete.
ERROR:    Traceback (most recent call last):
  File "C:\Python312\Lib\asyncio\runners.py", line 118, in run
    return self._loop.run_until_complete(task)
           ^^^^^^^^^^^^^^^^^^^^^^^^^^^^^^^^^^^
  File "C:\Python312\Lib\asyncio\base_events.py", line 687, in run_until_complete
    return future.result()
           ^^^^^^^^^^^^^^^
asyncio.exceptions.CancelledError

During handling of the above exception, another exception occurred:

Traceback (most recent call last):
  File "C:\Python312\Lib\asyncio\runners.py", line 194, in run
    return runner.run(main)
           ^^^^^^^^^^^^^^^^
  File "C:\Python312\Lib\asyncio\runners.py", line 123, in run
    raise KeyboardInterrupt()
KeyboardInterrupt

During handling of the above exception, another exception occurred:

Traceback (most recent call last):
  File "C:\Users\bhavv\AppData\Roaming\Python\Python312\site-packages\starlette\routing.py", line 701, in lifespan
    await receive()
  File "C:\Users\bhavv\AppData\Roaming\Python\Python312\site-packages\uvicorn\lifespan\on.py", line 137, in receive
    return await self.receive_queue.get()
           ^^^^^^^^^^^^^^^^^^^^^^^^^^^^^^
  File "C:\Python312\Lib\asyncio\queues.py", line 158, in get
    await getter
asyncio.exceptions.CancelledError

WARNING:  WatchFiles detected changes in 'Backend\Farm_management\Planning_stage\repositories\farmer_repo.py'. Reloading...
 2026-01-23 06:03:17.276612: I tensorflow/core/util/port.cc:153] oneDNN custom operations are on. You may see slightly different numerical results due to floating-point round-off errors from different computation orders. To turn them off, set the environment variable `TF_ENABLE_ONEDNN_OPTS=0`.
2026-01-23 06:03:19.628007: I tensorflow/core/util/port.cc:153] oneDNN custom operations are on. You may see slightly different numerical results due to floating-point round-off errors from different computation orders. To turn them off, set the environment variable `TF_ENABLE_ONEDNN_OPTS=0`.
INFO:     Started server process [22656]
INFO:     Waiting for application startup.
INFO:     Application startup complete.
ERROR:    Traceback (most recent call last):
  File "C:\Python312\Lib\asyncio\runners.py", line 118, in run
    return self._loop.run_until_complete(task)
           ^^^^^^^^^^^^^^^^^^^^^^^^^^^^^^^^^^^
  File "C:\Python312\Lib\asyncio\base_events.py", line 687, in run_until_complete
    return future.result()
           ^^^^^^^^^^^^^^^
asyncio.exceptions.CancelledError

During handling of the above exception, another exception occurred:

Traceback (most recent call last):
  File "C:\Python312\Lib\asyncio\runners.py", line 194, in run
    return runner.run(main)
           ^^^^^^^^^^^^^^^^
  File "C:\Python312\Lib\asyncio\runners.py", line 123, in run
    raise KeyboardInterrupt()
KeyboardInterrupt

During handling of the above exception, another exception occurred:

Traceback (most recent call last):
  File "C:\Users\bhavv\AppData\Roaming\Python\Python312\site-packages\starlette\routing.py", line 701, in lifespan
    await receive()
  File "C:\Users\bhavv\AppData\Roaming\Python\Python312\site-packages\uvicorn\lifespan\on.py", line 137, in receive
    return await self.receive_queue.get()
           ^^^^^^^^^^^^^^^^^^^^^^^^^^^^^^
  File "C:\Python312\Lib\asyncio\queues.py", line 158, in get
    await getter
asyncio.exceptions.CancelledError

2026-01-23 06:03:28.058130: I tensorflow/core/util/port.cc:153] oneDNN custom operations are on. You may see slightly different numerical results due to floating-point round-off errors from different computation orders. To turn them off, set the environment variable `TF_ENABLE_ONEDNN_OPTS=0`.
2026-01-23 06:03:30.398923: I tensorflow/core/util/port.cc:153] oneDNN custom operations are on. You may see slightly different numerical results due to floating-point round-off errors from different computation orders. To turn them off, set the environment variable `TF_ENABLE_ONEDNN_OPTS=0`.
INFO:     Started server process [10024]
INFO:     Waiting for application startup.
INFO:     Application startup complete.
WARNING:  WatchFiles detected changes in 'Backend\api\routers\collaborative.py'. Reloading...
 INFO:Backend.database.connection:Connected to MongoDB.
INFO:     127.0.0.1:63171 - "GET /api/v1/dashboard/stats HTTP/1.1" 200 OK
INFO:     Shutting down
INFO:     Waiting for application shutdown.
INFO:     Application shutdown complete.
INFO:     Finished server process [10024]
WARNING:  WatchFiles detected changes in 'Backend\api\routers\collaborative.py'. Reloading...
 2026-01-23 06:04:49.135610: I tensorflow/core/util/port.cc:153] oneDNN custom operations are on. You may see slightly different numerical results due to floating-point round-off errors from different computation orders. To turn them off, set the environment variable `TF_ENABLE_ONEDNN_OPTS=0`.
2026-01-23 06:04:52.321940: I tensorflow/core/util/port.cc:153] oneDNN custom operations are on. You may see slightly different numerical results due to floating-point round-off errors from different computation orders. To turn them off, set the environment variable `TF_ENABLE_ONEDNN_OPTS=0`.
Process SpawnProcess-6:
Traceback (most recent call last):
  File "C:\Python312\Lib\multiprocessing\process.py", line 314, in _bootstrap
    self.run()
  File "C:\Python312\Lib\multiprocessing\process.py", line 108, in run
    self._target(*self._args, **self._kwargs)
  File "C:\Users\bhavv\AppData\Roaming\Python\Python312\site-packages\uvicorn\_subprocess.py", line 80, in subprocess_started
    target(sockets=sockets)
  File "C:\Users\bhavv\AppData\Roaming\Python\Python312\site-packages\uvicorn\server.py", line 67, in run
    return asyncio.run(self.serve(sockets=sockets))
           ^^^^^^^^^^^^^^^^^^^^^^^^^^^^^^^^^^^^^^^^
  File "C:\Python312\Lib\asyncio\runners.py", line 194, in run
    return runner.run(main)
           ^^^^^^^^^^^^^^^^
  File "C:\Python312\Lib\asyncio\runners.py", line 118, in run
    return self._loop.run_until_complete(task)
           ^^^^^^^^^^^^^^^^^^^^^^^^^^^^^^^^^^^
  File "C:\Python312\Lib\asyncio\base_events.py", line 687, in run_until_complete
    return future.result()
           ^^^^^^^^^^^^^^^
  File "C:\Users\bhavv\AppData\Roaming\Python\Python312\site-packages\uvicorn\server.py", line 71, in serve
    await self._serve(sockets)
  File "C:\Users\bhavv\AppData\Roaming\Python\Python312\site-packages\uvicorn\server.py", line 78, in _serve
    config.load()
  File "C:\Users\bhavv\AppData\Roaming\Python\Python312\site-packages\uvicorn\config.py", line 436, in load
    self.loaded_app = import_from_string(self.app)
                      ^^^^^^^^^^^^^^^^^^^^^^^^^^^^
  File "C:\Users\bhavv\AppData\Roaming\Python\Python312\site-packages\uvicorn\importer.py", line 19, in import_from_string
    module = importlib.import_module(module_str)
             ^^^^^^^^^^^^^^^^^^^^^^^^^^^^^^^^^^^
  File "C:\Python312\Lib\importlib\__init__.py", line 90, in import_module
    return _bootstrap._gcd_import(name[level:], package, level)
           ^^^^^^^^^^^^^^^^^^^^^^^^^^^^^^^^^^^^^^^^^^^^^^^^^^^^
  File "<frozen importlib._bootstrap>", line 1387, in _gcd_import
  File "<frozen importlib._bootstrap>", line 1360, in _find_and_load
  File "<frozen importlib._bootstrap>", line 1331, in _find_and_load_unlocked
  File "<frozen importlib._bootstrap>", line 935, in _load_unlocked
  File "<frozen importlib._bootstrap_external>", line 995, in exec_module
  File "<frozen importlib._bootstrap>", line 488, in _call_with_frames_removed
  File "C:\Users\bhavv\OneDrive\Desktop\RAD\HackVision_KisaanMitra\Backend\api\main.py", line 7, in <module>
    from .routers import (
  File "C:\Users\bhavv\OneDrive\Desktop\RAD\HackVision_KisaanMitra\Backend\api\routers\collaborative.py", line 39, in <module>
    db_client = Depends(get_db_client),
                        ^^^^^^^^^^^^^
NameError: name 'get_db_client' is not defined
2026-01-23 06:05:02.858281: I tensorflow/core/util/port.cc:153] oneDNN custom operations are on. You may see slightly different numerical results due to floating-point round-off errors from different computation orders. To turn them off, set the environment variable `TF_ENABLE_ONEDNN_OPTS=0`.
2026-01-23 06:05:05.155424: I tensorflow/core/util/port.cc:153] oneDNN custom operations are on. You may see slightly different numerical results due to floating-point round-off errors from different computation orders. To turn them off, set the environment variable `TF_ENABLE_ONEDNN_OPTS=0`.
WARNING:  WatchFiles detected changes in 'Backend\api\routers\collaborative.py'. Reloading...
 INFO:     Started server process [15424]
INFO:     Waiting for application startup.
INFO:     Application startup complete.
ERROR:    Traceback (most recent call last):
  File "C:\Python312\Lib\asyncio\runners.py", line 118, in run
    return self._loop.run_until_complete(task)
           ^^^^^^^^^^^^^^^^^^^^^^^^^^^^^^^^^^^
  File "C:\Python312\Lib\asyncio\base_events.py", line 687, in run_until_complete
    return future.result()
           ^^^^^^^^^^^^^^^
asyncio.exceptions.CancelledError

During handling of the above exception, another exception occurred:

Traceback (most recent call last):
  File "C:\Python312\Lib\asyncio\runners.py", line 194, in run
    return runner.run(main)
           ^^^^^^^^^^^^^^^^
  File "C:\Python312\Lib\asyncio\runners.py", line 123, in run
    raise KeyboardInterrupt()
KeyboardInterrupt

During handling of the above exception, another exception occurred:

Traceback (most recent call last):
  File "C:\Users\bhavv\AppData\Roaming\Python\Python312\site-packages\starlette\routing.py", line 701, in lifespan
    await receive()
  File "C:\Users\bhavv\AppData\Roaming\Python\Python312\site-packages\uvicorn\lifespan\on.py", line 137, in receive
    return await self.receive_queue.get()
           ^^^^^^^^^^^^^^^^^^^^^^^^^^^^^^
  File "C:\Python312\Lib\asyncio\queues.py", line 158, in get
    await getter
asyncio.exceptions.CancelledError

2026-01-23 06:05:13.741710: I tensorflow/core/util/port.cc:153] oneDNN custom operations are on. You may see slightly different numerical results due to floating-point round-off errors from different computation orders. To turn them off, set the environment variable `TF_ENABLE_ONEDNN_OPTS=0`.
2026-01-23 06:05:16.020060: I tensorflow/core/util/port.cc:153] oneDNN custom operations are on. You may see slightly different numerical results due to floating-point round-off errors from different computation orders. To turn them off, set the environment variable `TF_ENABLE_ONEDNN_OPTS=0`.
WARNING:  WatchFiles detected changes in 'Backend\Collaborative_Farming\service.py'. Reloading...
 INFO:     Started server process [19424]
INFO:     Waiting for application startup.
INFO:     Application startup complete.
ERROR:    Traceback (most recent call last):
  File "C:\Python312\Lib\asyncio\runners.py", line 118, in run
    return self._loop.run_until_complete(task)
           ^^^^^^^^^^^^^^^^^^^^^^^^^^^^^^^^^^^
  File "C:\Python312\Lib\asyncio\base_events.py", line 687, in run_until_complete
    return future.result()
           ^^^^^^^^^^^^^^^
asyncio.exceptions.CancelledError

During handling of the above exception, another exception occurred:

Traceback (most recent call last):
  File "C:\Python312\Lib\asyncio\runners.py", line 194, in run
    return runner.run(main)
           ^^^^^^^^^^^^^^^^
  File "C:\Python312\Lib\asyncio\runners.py", line 123, in run
    raise KeyboardInterrupt()
KeyboardInterrupt

During handling of the above exception, another exception occurred:

Traceback (most recent call last):
  File "C:\Users\bhavv\AppData\Roaming\Python\Python312\site-packages\starlette\routing.py", line 701, in lifespan
    await receive()
  File "C:\Users\bhavv\AppData\Roaming\Python\Python312\site-packages\uvicorn\lifespan\on.py", line 137, in receive
    return await self.receive_queue.get()
           ^^^^^^^^^^^^^^^^^^^^^^^^^^^^^^
  File "C:\Python312\Lib\asyncio\queues.py", line 158, in get
    await getter
asyncio.exceptions.CancelledError

2026-01-23 06:05:24.782512: I tensorflow/core/util/port.cc:153] oneDNN custom operations are on. You may see slightly different numerical results due to floating-point round-off errors from different computation orders. To turn them off, set the environment variable `TF_ENABLE_ONEDNN_OPTS=0`.
2026-01-23 06:05:27.138159: I tensorflow/core/util/port.cc:153] oneDNN custom operations are on. You may see slightly different numerical results due to floating-point round-off errors from different computation orders. To turn them off, set the environment variable `TF_ENABLE_ONEDNN_OPTS=0`.
INFO:     Started server process [12092]
INFO:     Waiting for application startup.
INFO:     Application startup complete.
INFO:Backend.database.connection:Connected to MongoDB.
INFO:     127.0.0.1:53718 - "GET /api/v1/dashboard/timeline HTTP/1.1" 200 OK
WARNING:  WatchFiles detected changes in 'Backend\Collaborative_Farming\repositories\farmer_repo.py'. Reloading...
 INFO:     Shutting down
INFO:     Waiting for application shutdown.
INFO:     Application shutdown complete.
INFO:     Finished server process [12092]
WARNING:  WatchFiles detected changes in 'Backend\Collaborative_Farming\repositories\equipment_repo.py'. Reloading...
 2026-01-23 06:10:26.681230: I tensorflow/core/util/port.cc:153] oneDNN custom operations are on. You may see slightly different numerical results due to floating-point round-off errors from different computation orders. To turn them off, set the environment variable `TF_ENABLE_ONEDNN_OPTS=0`.
2026-01-23 06:10:29.034692: I tensorflow/core/util/port.cc:153] oneDNN custom operations are on. You may see slightly different numerical results due to floating-point round-off errors from different computation orders. To turn them off, set the environment variable `TF_ENABLE_ONEDNN_OPTS=0`.
INFO:     Started server process [2300]
INFO:     Waiting for application startup.
INFO:     Application startup complete.
ERROR:    Traceback (most recent call last):
  File "C:\Python312\Lib\asyncio\runners.py", line 118, in run
    return self._loop.run_until_complete(task)
           ^^^^^^^^^^^^^^^^^^^^^^^^^^^^^^^^^^^
  File "C:\Python312\Lib\asyncio\base_events.py", line 687, in run_until_complete
    return future.result()
           ^^^^^^^^^^^^^^^
asyncio.exceptions.CancelledError

During handling of the above exception, another exception occurred:

Traceback (most recent call last):
  File "C:\Python312\Lib\asyncio\runners.py", line 194, in run
    return runner.run(main)
           ^^^^^^^^^^^^^^^^
  File "C:\Python312\Lib\asyncio\runners.py", line 123, in run
    raise KeyboardInterrupt()
KeyboardInterrupt

During handling of the above exception, another exception occurred:

Traceback (most recent call last):
  File "C:\Users\bhavv\AppData\Roaming\Python\Python312\site-packages\starlette\routing.py", line 701, in lifespan
    await receive()
  File "C:\Users\bhavv\AppData\Roaming\Python\Python312\site-packages\uvicorn\lifespan\on.py", line 137, in receive
    return await self.receive_queue.get()
           ^^^^^^^^^^^^^^^^^^^^^^^^^^^^^^
  File "C:\Python312\Lib\asyncio\queues.py", line 158, in get
    await getter
asyncio.exceptions.CancelledError

2026-01-23 06:10:37.666191: I tensorflow/core/util/port.cc:153] oneDNN custom operations are on. You may see slightly different numerical results due to floating-point round-off errors from different computation orders. To turn them off, set the environment variable `TF_ENABLE_ONEDNN_OPTS=0`.
2026-01-23 06:10:40.812789: I tensorflow/core/util/port.cc:153] oneDNN custom operations are on. You may see slightly different numerical results due to floating-point round-off errors from different computation orders. To turn them off, set the environment variable `TF_ENABLE_ONEDNN_OPTS=0`.
WARNING:  WatchFiles detected changes in 'Backend\database\check_and_seed.py'. Reloading...
 INFO:     Started server process [13600]
INFO:     Waiting for application startup.
INFO:     Application startup complete.
ERROR:    Traceback (most recent call last):
  File "C:\Python312\Lib\asyncio\runners.py", line 118, in run
    return self._loop.run_until_complete(task)
           ^^^^^^^^^^^^^^^^^^^^^^^^^^^^^^^^^^^
  File "C:\Python312\Lib\asyncio\base_events.py", line 687, in run_until_complete
    return future.result()
           ^^^^^^^^^^^^^^^
asyncio.exceptions.CancelledError

During handling of the above exception, another exception occurred:

Traceback (most recent call last):
  File "C:\Python312\Lib\asyncio\runners.py", line 194, in run
    return runner.run(main)
           ^^^^^^^^^^^^^^^^
  File "C:\Python312\Lib\asyncio\runners.py", line 123, in run
    raise KeyboardInterrupt()
KeyboardInterrupt

During handling of the above exception, another exception occurred:

Traceback (most recent call last):
  File "C:\Users\bhavv\AppData\Roaming\Python\Python312\site-packages\starlette\routing.py", line 701, in lifespan
    await receive()
  File "C:\Users\bhavv\AppData\Roaming\Python\Python312\site-packages\uvicorn\lifespan\on.py", line 137, in receive
    return await self.receive_queue.get()
           ^^^^^^^^^^^^^^^^^^^^^^^^^^^^^^
  File "C:\Python312\Lib\asyncio\queues.py", line 158, in get
    await getter
asyncio.exceptions.CancelledError

WARNING:  WatchFiles detected changes in 'Backend\database\check_and_seed.py'. Reloading...
 2026-01-23 06:10:53.357569: I tensorflow/core/util/port.cc:153] oneDNN custom operations are on. You may see slightly different numerical results due to floating-point round-off errors from different computation orders. To turn them off, set the environment variable `TF_ENABLE_ONEDNN_OPTS=0`.
2026-01-23 06:10:55.765105: I tensorflow/core/util/port.cc:153] oneDNN custom operations are on. You may see slightly different numerical results due to floating-point round-off errors from different computation orders. To turn them off, set the environment variable `TF_ENABLE_ONEDNN_OPTS=0`.
INFO:     Started server process [22848]
INFO:     Waiting for application startup.
INFO:     Application startup complete.
ERROR:    Traceback (most recent call last):
  File "C:\Python312\Lib\asyncio\runners.py", line 118, in run
    return self._loop.run_until_complete(task)
           ^^^^^^^^^^^^^^^^^^^^^^^^^^^^^^^^^^^
  File "C:\Python312\Lib\asyncio\base_events.py", line 687, in run_until_complete
    return future.result()
           ^^^^^^^^^^^^^^^
asyncio.exceptions.CancelledError

During handling of the above exception, another exception occurred:

Traceback (most recent call last):
  File "C:\Python312\Lib\asyncio\runners.py", line 194, in run
    return runner.run(main)
           ^^^^^^^^^^^^^^^^
  File "C:\Python312\Lib\asyncio\runners.py", line 123, in run
    raise KeyboardInterrupt()
KeyboardInterrupt

During handling of the above exception, another exception occurred:

Traceback (most recent call last):
  File "C:\Users\bhavv\AppData\Roaming\Python\Python312\site-packages\starlette\routing.py", line 701, in lifespan
    await receive()
  File "C:\Users\bhavv\AppData\Roaming\Python\Python312\site-packages\uvicorn\lifespan\on.py", line 137, in receive
    return await self.receive_queue.get()
           ^^^^^^^^^^^^^^^^^^^^^^^^^^^^^^
  File "C:\Python312\Lib\asyncio\queues.py", line 158, in get
    await getter
asyncio.exceptions.CancelledError

2026-01-23 06:11:04.583639: I tensorflow/core/util/port.cc:153] oneDNN custom operations are on. You may see slightly different numerical results due to floating-point round-off errors from different computation orders. To turn them off, set the environment variable `TF_ENABLE_ONEDNN_OPTS=0`.
2026-01-23 06:11:06.986667: I tensorflow/core/util/port.cc:153] oneDNN custom operations are on. You may see slightly different numerical results due to floating-point round-off errors from different computation orders. To turn them off, set the environment variable `TF_ENABLE_ONEDNN_OPTS=0`.
INFO:     Started server process [40612]
INFO:     Waiting for application startup.
INFO:     Application startup complete.
INFO:Backend.database.connection:Connected to MongoDB.
INFO:     127.0.0.1:54889 - "GET /api/v1/dashboard/stats HTTP/1.1" 200 OK
INFO:     127.0.0.1:50158 - "GET /api/v1/dashboard/stats HTTP/1.1" 200 OK
INFO:     127.0.0.1:63471 - "GET /api/v1/dashboard/finance HTTP/1.1" 200 OK
INFO:     127.0.0.1:50640 - "GET /api/v1/dashboard/finance HTTP/1.1" 200 OK
INFO:     127.0.0.1:63172 - "GET /api/v1/dashboard/timeline HTTP/1.1" 200 OK
INFO:     127.0.0.1:58645 - "GET /api/v1/dashboard/timeline HTTP/1.1" 200 OK
WARNING:  WatchFiles detected changes in 'Backend\database\test_connection.py'. Reloading...
 INFO:     Shutting down
INFO:     Waiting for application shutdown.
INFO:     Application shutdown complete.
INFO:     Finished server process [40612]
2026-01-23 06:16:06.414480: I tensorflow/core/util/port.cc:153] oneDNN custom operations are on. You may see slightly different numerical results due to floating-point round-off errors from different computation orders. To turn them off, set the environment variable `TF_ENABLE_ONEDNN_OPTS=0`.
2026-01-23 06:16:09.395251: I tensorflow/core/util/port.cc:153] oneDNN custom operations are on. You may see slightly different numerical results due to floating-point round-off errors from different computation orders. To turn them off, set the environment variable `TF_ENABLE_ONEDNN_OPTS=0`.
INFO:     Started server process [7872]
INFO:     Waiting for application startup.
INFO:     Application startup complete.
WARNING:  WatchFiles detected changes in 'Backend\test_system.py'. Reloading...
 INFO:     Shutting down
INFO:     Waiting for application shutdown.
INFO:     Application shutdown complete.
INFO:     Finished server process [7872]
WARNING:  WatchFiles detected changes in 'Backend\database\seed_data.py'. Reloading...
 2026-01-23 06:21:09.117075: I tensorflow/core/util/port.cc:153] oneDNN custom operations are on. You may see slightly different numerical results due to floating-point round-off errors from different computation orders. To turn them off, set the environment variable `TF_ENABLE_ONEDNN_OPTS=0`.
2026-01-23 06:21:12.376735: I tensorflow/core/util/port.cc:153] oneDNN custom operations are on. You may see slightly different numerical results due to floating-point round-off errors from different computation orders. To turn them off, set the environment variable `TF_ENABLE_ONEDNN_OPTS=0`.
INFO:     Started server process [12784]
INFO:     Waiting for application startup.
INFO:     Application startup complete.
ERROR:    Traceback (most recent call last):
  File "C:\Python312\Lib\asyncio\runners.py", line 118, in run
    return self._loop.run_until_complete(task)
           ^^^^^^^^^^^^^^^^^^^^^^^^^^^^^^^^^^^
  File "C:\Python312\Lib\asyncio\base_events.py", line 687, in run_until_complete
    return future.result()
           ^^^^^^^^^^^^^^^
asyncio.exceptions.CancelledError

During handling of the above exception, another exception occurred:

Traceback (most recent call last):
  File "C:\Python312\Lib\asyncio\runners.py", line 194, in run
    return runner.run(main)
           ^^^^^^^^^^^^^^^^
  File "C:\Python312\Lib\asyncio\runners.py", line 123, in run
    raise KeyboardInterrupt()
KeyboardInterrupt

During handling of the above exception, another exception occurred:

Traceback (most recent call last):
  File "C:\Users\bhavv\AppData\Roaming\Python\Python312\site-packages\starlette\routing.py", line 701, in lifespan
    await receive()
  File "C:\Users\bhavv\AppData\Roaming\Python\Python312\site-packages\uvicorn\lifespan\on.py", line 137, in receive
    return await self.receive_queue.get()
           ^^^^^^^^^^^^^^^^^^^^^^^^^^^^^^
  File "C:\Python312\Lib\asyncio\queues.py", line 158, in get
    await getter
asyncio.exceptions.CancelledError

2026-01-23 06:21:30.368291: I tensorflow/core/util/port.cc:153] oneDNN custom operations are on. You may see slightly different numerical results due to floating-point round-off errors from different computation orders. To turn them off, set the environment variable `TF_ENABLE_ONEDNN_OPTS=0`.
2026-01-23 06:21:33.293254: I tensorflow/core/util/port.cc:153] oneDNN custom operations are on. You may see slightly different numerical results due to floating-point round-off errors from different computation orders. To turn them off, set the environment variable `TF_ENABLE_ONEDNN_OPTS=0`.
INFO:     Started server process [11692]
INFO:     Waiting for application startup.
INFO:     Application startup complete.
INFO:Backend.database.connection:Connected to MongoDB.
INFO:     127.0.0.1:64184 - "GET /api/v1/dashboard/stats HTTP/1.1" 200 OK
INFO:     127.0.0.1:64188 - "GET /api/v1/dashboard/stats HTTP/1.1" 200 OK
INFO:     127.0.0.1:63231 - "GET /api/v1/dashboard/finance HTTP/1.1" 200 OK
INFO:     127.0.0.1:54198 - "GET /api/v1/dashboard/finance HTTP/1.1" 200 OK
INFO:     127.0.0.1:51528 - "GET /api/v1/dashboard/timeline HTTP/1.1" 200 OK
INFO:     127.0.0.1:56726 - "GET /api/v1/dashboard/timeline HTTP/1.1" 200 OK
INFO:     127.0.0.1:50476 - "GET /api/v1/dashboard/stats HTTP/1.1" 200 OK
INFO:     127.0.0.1:50477 - "GET /api/v1/dashboard/stats HTTP/1.1" 200 OK
INFO:     127.0.0.1:50478 - "GET /api/v1/dashboard/finance HTTP/1.1" 200 OK
INFO:     127.0.0.1:50479 - "GET /api/v1/dashboard/finance HTTP/1.1" 200 OK
INFO:     127.0.0.1:50480 - "GET /api/v1/dashboard/timeline HTTP/1.1" 200 OK
INFO:     127.0.0.1:50481 - "GET /api/v1/dashboard/timeline HTTP/1.1" 200 OK
INFO:     127.0.0.1:54860 - "GET /api/v1/dashboard/stats HTTP/1.1" 200 OK
INFO:     127.0.0.1:65405 - "GET /api/v1/dashboard/stats HTTP/1.1" 200 OK
INFO:     127.0.0.1:59281 - "GET /api/v1/dashboard/finance HTTP/1.1" 200 OK
INFO:     127.0.0.1:59710 - "GET /api/v1/dashboard/finance HTTP/1.1" 200 OK
INFO:     127.0.0.1:50380 - "GET /api/v1/dashboard/timeline HTTP/1.1" 200 OK
INFO:     127.0.0.1:63177 - "GET /api/v1/dashboard/timeline HTTP/1.1" 200 OK
INFO:     127.0.0.1:51454 - "OPTIONS /api/onboarding/complete HTTP/1.1" 200 OK
INFO:     127.0.0.1:51454 - "POST /api/onboarding/complete HTTP/1.1" 404 Not Found
INFO:     127.0.0.1:51454 - "POST /api/onboarding/complete HTTP/1.1" 404 Not Found
WARNING:  WatchFiles detected changes in 'Backend\api\routers\onboarding.py'. Reloading...
 INFO:     Shutting down
INFO:     Waiting for application shutdown.
INFO:     Application shutdown complete.
INFO:     Finished server process [11692]
WARNING:  WatchFiles detected changes in 'Backend\api\routers\onboarding.py'. Reloading...
 2026-01-23 06:33:09.453779: I tensorflow/core/util/port.cc:153] oneDNN custom operations are on. You may see slightly different numerical results due to floating-point round-off errors from different computation orders. To turn them off, set the environment variable `TF_ENABLE_ONEDNN_OPTS=0`.
2026-01-23 06:33:11.878396: I tensorflow/core/util/port.cc:153] oneDNN custom operations are on. You may see slightly different numerical results due to floating-point round-off errors from different computation orders. To turn them off, set the environment variable `TF_ENABLE_ONEDNN_OPTS=0`.
INFO:     Started server process [34396]
INFO:     Waiting for application startup.
INFO:     Application startup complete.
ERROR:    Traceback (most recent call last):
  File "C:\Python312\Lib\asyncio\runners.py", line 118, in run
    return self._loop.run_until_complete(task)
           ^^^^^^^^^^^^^^^^^^^^^^^^^^^^^^^^^^^
  File "C:\Python312\Lib\asyncio\base_events.py", line 687, in run_until_complete
    return future.result()
           ^^^^^^^^^^^^^^^
asyncio.exceptions.CancelledError

During handling of the above exception, another exception occurred:

Traceback (most recent call last):
  File "C:\Python312\Lib\asyncio\runners.py", line 194, in run
    return runner.run(main)
           ^^^^^^^^^^^^^^^^
  File "C:\Python312\Lib\asyncio\runners.py", line 123, in run
    raise KeyboardInterrupt()
KeyboardInterrupt

During handling of the above exception, another exception occurred:

Traceback (most recent call last):
  File "C:\Users\bhavv\AppData\Roaming\Python\Python312\site-packages\starlette\routing.py", line 701, in lifespan
    await receive()
  File "C:\Users\bhavv\AppData\Roaming\Python\Python312\site-packages\uvicorn\lifespan\on.py", line 137, in receive
    return await self.receive_queue.get()
           ^^^^^^^^^^^^^^^^^^^^^^^^^^^^^^
  File "C:\Python312\Lib\asyncio\queues.py", line 158, in get
    await getter
asyncio.exceptions.CancelledError

WARNING:  WatchFiles detected changes in 'Backend\api\main.py'. Reloading...
 2026-01-23 06:33:20.826117: I tensorflow/core/util/port.cc:153] oneDNN custom operations are on. You may see slightly different numerical results due to floating-point round-off errors from different computation orders. To turn them off, set the environment variable `TF_ENABLE_ONEDNN_OPTS=0`.
2026-01-23 06:33:23.139092: I tensorflow/core/util/port.cc:153] oneDNN custom operations are on. You may see slightly different numerical results due to floating-point round-off errors from different computation orders. To turn them off, set the environment variable `TF_ENABLE_ONEDNN_OPTS=0`.
INFO:     Started server process [25076]
INFO:     Waiting for application startup.
INFO:     Application startup complete.
ERROR:    Traceback (most recent call last):
  File "C:\Python312\Lib\asyncio\runners.py", line 118, in run
    return self._loop.run_until_complete(task)
           ^^^^^^^^^^^^^^^^^^^^^^^^^^^^^^^^^^^
  File "C:\Python312\Lib\asyncio\base_events.py", line 687, in run_until_complete
    return future.result()
           ^^^^^^^^^^^^^^^
asyncio.exceptions.CancelledError

During handling of the above exception, another exception occurred:

Traceback (most recent call last):
  File "C:\Python312\Lib\asyncio\runners.py", line 194, in run
    return runner.run(main)
           ^^^^^^^^^^^^^^^^
  File "C:\Python312\Lib\asyncio\runners.py", line 123, in run
    raise KeyboardInterrupt()
KeyboardInterrupt

During handling of the above exception, another exception occurred:

Traceback (most recent call last):
  File "C:\Users\bhavv\AppData\Roaming\Python\Python312\site-packages\starlette\routing.py", line 701, in lifespan
    await receive()
  File "C:\Users\bhavv\AppData\Roaming\Python\Python312\site-packages\uvicorn\lifespan\on.py", line 137, in receive
    return await self.receive_queue.get()
           ^^^^^^^^^^^^^^^^^^^^^^^^^^^^^^
  File "C:\Python312\Lib\asyncio\queues.py", line 158, in get
    await getter
asyncio.exceptions.CancelledError

2026-01-23 06:33:31.767243: I tensorflow/core/util/port.cc:153] oneDNN custom operations are on. You may see slightly different numerical results due to floating-point round-off errors from different computation orders. To turn them off, set the environment variable `TF_ENABLE_ONEDNN_OPTS=0`.
2026-01-23 06:33:34.132358: I tensorflow/core/util/port.cc:153] oneDNN custom operations are on. You may see slightly different numerical results due to floating-point round-off errors from different computation orders. To turn them off, set the environment variable `TF_ENABLE_ONEDNN_OPTS=0`.
INFO:     Started server process [40244]
INFO:     Waiting for application startup.
INFO:     Application startup complete.
